2026-03-23 13:31:00.511: [INFO][Sync] Reset engine, reason: 8
2026-03-23 13:31:00.511: [INFO][Sync] Stopped: Bookmarks
2026-03-23 13:31:00.511: [INFO][Sync] Stopped: Preferences
2026-03-23 13:31:00.511: [INFO][Sync] Stopped: Passwords
2026-03-23 13:31:00.511: [INFO][Sync] Stopped: Autofill Profiles
2026-03-23 13:31:00.511: [INFO][Sync] Stopped: Autofill
2026-03-23 13:31:00.511: [INFO][Sync] Stopped: Extensions
2026-03-23 13:31:00.511: [INFO][Sync] Stopped: Sessions
2026-03-23 13:31:00.511: [INFO][Sync] Stopped: Extension settings
2026-03-23 13:31:00.511: [INFO][Sync] Stopped: History Delete Directives
2026-03-23 13:31:00.511: [INFO][Sync] Stopped: Device Info
2026-03-23 13:31:00.511: [INFO][Sync] Stopped: User Consents
2026-03-23 13:31:00.511: [INFO][Sync] Stopped: Send Tab To Self
2026-03-23 13:31:00.511: [INFO][Sync] Stopped: Web Apps
2026-03-23 13:31:00.511: [INFO][Sync] Stopped: History
2026-03-23 13:31:00.511: [INFO][Sync] Stopped: Saved Tab Group
2026-03-23 13:31:00.511: [INFO][Sync] Stopped: WebAuthn Credentials
2026-03-23 13:31:00.511: [INFO][Sync] Stopped: Collection
2026-03-23 13:31:00.511: [INFO][Sync] Stopped: Edge E Drop
2026-03-23 13:31:00.511: [INFO][Sync] Stopped: Edge Hub App Usage
2026-03-23 13:31:00.511: [INFO][Sync] Stopped: Edge Wallet
2026-03-23 13:31:00.511: [INFO][Sync] SyncState after authenticated was: NotSignedIn
2026-03-23 13:31:01.076: [INFO][Sync] Reset engine, reason: 8
2026-03-23 13:31:01.076: [INFO][Sync] Stopped: Bookmarks
2026-03-23 13:31:01.076: [INFO][Sync] Stopped: Preferences
2026-03-23 13:31:01.076: [INFO][Sync] Stopped: Passwords
2026-03-23 13:31:01.076: [INFO][Sync] Stopped: Autofill Profiles
2026-03-23 13:31:01.076: [INFO][Sync] Stopped: Autofill
2026-03-23 13:31:01.076: [INFO][Sync] Stopped: Extensions
2026-03-23 13:31:01.076: [INFO][Sync] Stopped: Sessions
2026-03-23 13:31:01.076: [INFO][Sync] Stopped: Extension settings
2026-03-23 13:31:01.076: [INFO][Sync] Stopped: History Delete Directives
2026-03-23 13:31:01.076: [INFO][Sync] Stopped: Device Info
2026-03-23 13:31:01.076: [INFO][Sync] Stopped: User Consents
2026-03-23 13:31:01.076: [INFO][Sync] Stopped: Send Tab To Self
2026-03-23 13:31:01.076: [INFO][Sync] Stopped: Web Apps
2026-03-23 13:31:01.076: [INFO][Sync] Stopped: History
2026-03-23 13:31:01.076: [INFO][Sync] Stopped: Saved Tab Group
2026-03-23 13:31:01.076: [INFO][Sync] Stopped: WebAuthn Credentials
2026-03-23 13:31:01.076: [INFO][Sync] Stopped: Collection
2026-03-23 13:31:01.076: [INFO][Sync] Stopped: Edge E Drop
2026-03-23 13:31:01.076: [INFO][Sync] Stopped: Edge Hub App Usage
2026-03-23 13:31:01.076: [INFO][Sync] Stopped: Edge Wallet
2026-03-23 13:31:15.118: [INFO][Sync] Reset engine, reason: 0
2026-03-23 13:32:02.237: [INFO][Sync] Reset engine, reason: 8
2026-03-23 13:32:02.237: [INFO][Sync] Stopped: Bookmarks
2026-03-23 13:32:02.237: [INFO][Sync] Stopped: Preferences
2026-03-23 13:32:02.237: [INFO][Sync] Stopped: Passwords
2026-03-23 13:32:02.237: [INFO][Sync] Stopped: Autofill Profiles
2026-03-23 13:32:02.237: [INFO][Sync] Stopped: Autofill
2026-03-23 13:32:02.237: [INFO][Sync] Stopped: Extensions
2026-03-23 13:32:02.237: [INFO][Sync] Stopped: Sessions
2026-03-23 13:32:02.237: [INFO][Sync] Stopped: Extension settings
2026-03-23 13:32:02.237: [INFO][Sync] Stopped: History Delete Directives
2026-03-23 13:32:02.237: [INFO][Sync] Stopped: Device Info
2026-03-23 13:32:02.237: [INFO][Sync] Stopped: User Consents
2026-03-23 13:32:02.237: [INFO][Sync] Stopped: Send Tab To Self
2026-03-23 13:32:02.238: [INFO][Sync] Stopped: Web Apps
2026-03-23 13:32:02.238: [INFO][Sync] Stopped: History
2026-03-23 13:32:02.238: [INFO][Sync] Stopped: Saved Tab Group
2026-03-23 13:32:02.238: [INFO][Sync] Stopped: WebAuthn Credentials
2026-03-23 13:32:02.238: [INFO][Sync] Stopped: Collection
2026-03-23 13:32:02.238: [INFO][Sync] Stopped: Edge E Drop
2026-03-23 13:32:02.238: [INFO][Sync] Stopped: Edge Hub App Usage
2026-03-23 13:32:02.238: [INFO][Sync] Stopped: Edge Wallet
2026-03-23 13:32:02.238: [INFO][Sync] SyncState after authenticated was: NotSignedIn
2026-03-23 13:32:02.521: [INFO][Sync] Reset engine, reason: 8
2026-03-23 13:32:02.521: [INFO][Sync] Stopped: Bookmarks
2026-03-23 13:32:02.521: [INFO][Sync] Stopped: Preferences
2026-03-23 13:32:02.521: [INFO][Sync] Stopped: Passwords
2026-03-23 13:32:02.521: [INFO][Sync] Stopped: Autofill Profiles
2026-03-23 13:32:02.521: [INFO][Sync] Stopped: Autofill
2026-03-23 13:32:02.521: [INFO][Sync] Stopped: Extensions
2026-03-23 13:32:02.521: [INFO][Sync] Stopped: Sessions
2026-03-23 13:32:02.521: [INFO][Sync] Stopped: Extension settings
2026-03-23 13:32:02.521: [INFO][Sync] Stopped: History Delete Directives
2026-03-23 13:32:02.521: [INFO][Sync] Stopped: Device Info
2026-03-23 13:32:02.521: [INFO][Sync] Stopped: User Consents
2026-03-23 13:32:02.521: [INFO][Sync] Stopped: Send Tab To Self
2026-03-23 13:32:02.521: [INFO][Sync] Stopped: Web Apps
2026-03-23 13:32:02.521: [INFO][Sync] Stopped: History
2026-03-23 13:32:02.521: [INFO][Sync] Stopped: Saved Tab Group
2026-03-23 13:32:02.521: [INFO][Sync] Stopped: WebAuthn Credentials
2026-03-23 13:32:02.521: [INFO][Sync] Stopped: Collection
2026-03-23 13:32:02.521: [INFO][Sync] Stopped: Edge E Drop
2026-03-23 13:32:02.521: [INFO][Sync] Stopped: Edge Hub App Usage
2026-03-23 13:32:02.521: [INFO][Sync] Stopped: Edge Wallet
2026-03-23 13:33:50.349: [INFO][Sync] Reset engine, reason: 0
2026-03-23 13:34:32.170: [INFO][Sync] Reset engine, reason: 8
2026-03-23 13:34:32.170: [INFO][Sync] Stopped: Bookmarks
2026-03-23 13:34:32.170: [INFO][Sync] Stopped: Preferences
2026-03-23 13:34:32.170: [INFO][Sync] Stopped: Passwords
2026-03-23 13:34:32.170: [INFO][Sync] Stopped: Autofill Profiles
2026-03-23 13:34:32.170: [INFO][Sync] Stopped: Autofill
2026-03-23 13:34:32.170: [INFO][Sync] Stopped: Extensions
2026-03-23 13:34:32.170: [INFO][Sync] Stopped: Sessions
2026-03-23 13:34:32.170: [INFO][Sync] Stopped: Extension settings
2026-03-23 13:34:32.170: [INFO][Sync] Stopped: History Delete Directives
2026-03-23 13:34:32.170: [INFO][Sync] Stopped: Device Info
2026-03-23 13:34:32.170: [INFO][Sync] Stopped: User Consents
2026-03-23 13:34:32.170: [INFO][Sync] Stopped: Send Tab To Self
2026-03-23 13:34:32.170: [INFO][Sync] Stopped: Web Apps
2026-03-23 13:34:32.170: [INFO][Sync] Stopped: History
2026-03-23 13:34:32.170: [INFO][Sync] Stopped: Saved Tab Group
2026-03-23 13:34:32.170: [INFO][Sync] Stopped: WebAuthn Credentials
2026-03-23 13:34:32.170: [INFO][Sync] Stopped: Collection
2026-03-23 13:34:32.170: [INFO][Sync] Stopped: Edge E Drop
2026-03-23 13:34:32.170: [INFO][Sync] Stopped: Edge Hub App Usage
2026-03-23 13:34:32.170: [INFO][Sync] Stopped: Edge Wallet
2026-03-23 13:34:32.170: [INFO][Sync] SyncState after authenticated was: NotSignedIn
2026-03-23 13:34:32.518: [INFO][Sync] Reset engine, reason: 8
2026-03-23 13:34:32.518: [INFO][Sync] Stopped: Bookmarks
2026-03-23 13:34:32.518: [INFO][Sync] Stopped: Preferences
2026-03-23 13:34:32.518: [INFO][Sync] Stopped: Passwords
2026-03-23 13:34:32.518: [INFO][Sync] Stopped: Autofill Profiles
2026-03-23 13:34:32.518: [INFO][Sync] Stopped: Autofill
2026-03-23 13:34:32.518: [INFO][Sync] Stopped: Extensions
2026-03-23 13:34:32.518: [INFO][Sync] Stopped: Sessions
2026-03-23 13:34:32.518: [INFO][Sync] Stopped: Extension settings
2026-03-23 13:34:32.518: [INFO][Sync] Stopped: History Delete Directives
2026-03-23 13:34:32.518: [INFO][Sync] Stopped: Device Info
2026-03-23 13:34:32.518: [INFO][Sync] Stopped: User Consents
2026-03-23 13:34:32.518: [INFO][Sync] Stopped: Send Tab To Self
2026-03-23 13:34:32.518: [INFO][Sync] Stopped: Web Apps
2026-03-23 13:34:32.518: [INFO][Sync] Stopped: History
2026-03-23 13:34:32.518: [INFO][Sync] Stopped: Saved Tab Group
2026-03-23 13:34:32.518: [INFO][Sync] Stopped: WebAuthn Credentials
2026-03-23 13:34:32.518: [INFO][Sync] Stopped: Collection
2026-03-23 13:34:32.518: [INFO][Sync] Stopped: Edge E Drop
2026-03-23 13:34:32.518: [INFO][Sync] Stopped: Edge Hub App Usage
2026-03-23 13:34:32.518: [INFO][Sync] Stopped: Edge Wallet
2026-03-23 13:34:40.414: [INFO][Sync] Reset engine, reason: 0
2026-03-23 13:35:29.612: [INFO][Sync] Reset engine, reason: 8
2026-03-23 13:35:29.612: [INFO][Sync] Stopped: Bookmarks
2026-03-23 13:35:29.612: [INFO][Sync] Stopped: Preferences
2026-03-23 13:35:29.617: [INFO][Sync] Stopped: Passwords
2026-03-23 13:35:29.617: [INFO][Sync] Stopped: Autofill Profiles
2026-03-23 13:35:29.618: [INFO][Sync] Stopped: Autofill
2026-03-23 13:35:29.618: [INFO][Sync] Stopped: Extensions
2026-03-23 13:35:29.618: [INFO][Sync] Stopped: Sessions
2026-03-23 13:35:29.618: [INFO][Sync] Stopped: Extension settings
2026-03-23 13:35:29.618: [INFO][Sync] Stopped: History Delete Directives
2026-03-23 13:35:29.618: [INFO][Sync] Stopped: Device Info
2026-03-23 13:35:29.618: [INFO][Sync] Stopped: User Consents
2026-03-23 13:35:29.618: [INFO][Sync] Stopped: Send Tab To Self
2026-03-23 13:35:29.618: [INFO][Sync] Stopped: Web Apps
2026-03-23 13:35:29.618: [INFO][Sync] Stopped: History
2026-03-23 13:35:29.618: [INFO][Sync] Stopped: Saved Tab Group
2026-03-23 13:35:29.618: [INFO][Sync] Stopped: WebAuthn Credentials
2026-03-23 13:35:29.618: [INFO][Sync] Stopped: Collection
2026-03-23 13:35:29.618: [INFO][Sync] Stopped: Edge E Drop
2026-03-23 13:35:29.618: [INFO][Sync] Stopped: Edge Hub App Usage
2026-03-23 13:35:29.618: [INFO][Sync] Stopped: Edge Wallet
2026-03-23 13:35:29.618: [INFO][Sync] SyncState after authenticated was: NotSignedIn
2026-03-23 13:35:29.922: [INFO][Sync] Reset engine, reason: 8
2026-03-23 13:35:29.922: [INFO][Sync] Stopped: Bookmarks
2026-03-23 13:35:29.922: [INFO][Sync] Stopped: Preferences
2026-03-23 13:35:29.922: [INFO][Sync] Stopped: Passwords
2026-03-23 13:35:29.922: [INFO][Sync] Stopped: Autofill Profiles
2026-03-23 13:35:29.922: [INFO][Sync] Stopped: Autofill
2026-03-23 13:35:29.922: [INFO][Sync] Stopped: Extensions
2026-03-23 13:35:29.922: [INFO][Sync] Stopped: Sessions
2026-03-23 13:35:29.922: [INFO][Sync] Stopped: Extension settings
2026-03-23 13:35:29.922: [INFO][Sync] Stopped: History Delete Directives
2026-03-23 13:35:29.922: [INFO][Sync] Stopped: Device Info
2026-03-23 13:35:29.922: [INFO][Sync] Stopped: User Consents
2026-03-23 13:35:29.922: [INFO][Sync] Stopped: Send Tab To Self
2026-03-23 13:35:29.922: [INFO][Sync] Stopped: Web Apps
2026-03-23 13:35:29.922: [INFO][Sync] Stopped: History
2026-03-23 13:35:29.922: [INFO][Sync] Stopped: Saved Tab Group
2026-03-23 13:35:29.922: [INFO][Sync] Stopped: WebAuthn Credentials
2026-03-23 13:35:29.922: [INFO][Sync] Stopped: Collection
2026-03-23 13:35:29.922: [INFO][Sync] Stopped: Edge E Drop
2026-03-23 13:35:29.922: [INFO][Sync] Stopped: Edge Hub App Usage
2026-03-23 13:35:29.922: [INFO][Sync] Stopped: Edge Wallet
2026-03-23 13:35:41.846: [INFO][Sync] Reset engine, reason: 0
